Arguments: 
  C:\Program Files\nodejs\node.exe C:\Users\zhml8\AppData\Roaming\npm\node_modules\yarn\bin\yarn.js team list promise

PATH: 
  C:\Users\zhml8\bin;D:\Program Files\cmder\bin;C:\Program Files\Git\bin;D:\Program Files\cmder\vendor\git-for-windows\mingw64\bin;D:\Program Files\cmder\vendor\git-for-windows\usr\local\bin;D:\Program Files\cmder\vendor\git-for-windows\usr\bin;D:\Program Files\cmder\vendor\git-for-windows\usr\bin;D:\Program Files\cmder\vendor\git-for-windows\mingw64\bin;D:\Program Files\cmder\vendor\git-for-windows\usr\bin;C:\Users\zhml8\bin;D:\Program Files\cmder\vendor\conemu-maximus5\ConEmu\Scripts;D:\Program Files\cmder\vendor\conemu-maximus5;D:\Program Files\cmder\vendor\conemu-maximus5\ConEmu;C:\Program Files (x86)\Intel\iCLS Client;C:\Program Files\Intel\iCLS Client;C:\WINDOWS\system32;C:\WINDOWS;C:\WINDOWS\System32\Wbem;C:\WINDOWS\System32\WindowsPowerShell\v1.0;C:\Program Files (x86)\Intel\Intel(R) Management Engine Components\DAL;C:\Program Files\Intel\Intel(R) Management Engine Components\DAL;C:\Program Files (x86)\Intel\Intel(R) Management Engine Components\IPT;C:\Program Files\Intel\Intel(R) Management Engine Components\IPT;C:\Program Files\Git\cmd;C:\WINDOWS\System32\OpenSSH;C:\Program Files\Microsoft VS Code\bin;C:\Go\bin;C:\Program Files\nodejs;C:\Users\zhml8\AppData\Local\Microsoft\WindowsApps;C:\quick_run;D:\Programs\Fiddler;C:\Users\zhml8\AppData\Local\Microsoft\WindowsApps;C:\Program Files\Microsoft VS Code\bin;%GOPATH%\bin;C:\Users\zhml8\AppData\Roaming\npm;D:\Program Files\cmder;D:\Program Files\cmder\vendor\git-for-windows\usr\bin\vendor_perl;D:\Program Files\cmder\vendor\git-for-windows\usr\bin\core_perl

Yarn version: 
  1.12.3

Node version: 
  8.12.0

Platform: 
  win32 x64

Trace: 
  Error: canceled
      at Interface.<anonymous> (C:\Users\zhml8\AppData\Roaming\npm\node_modules\yarn\lib\cli.js:125278:13)
      at emitNone (events.js:106:13)
      at Interface.emit (events.js:208:7)
      at Interface._ttyWrite (readline.js:774:16)
      at ReadStream.onkeypress (readline.js:158:10)
      at emitTwo (events.js:126:13)
      at ReadStream.emit (events.js:214:7)
      at emitKeys (internal/readline.js:420:14)
      at emitKeys.next (<anonymous>)
      at ReadStream.onData (readline.js:1010:36)

npm manifest: 
  {
    "name": "jsDemo",
    "version": "0.0.1",
    "description": "nodejs stu demo",
    "main": "index.js",
    "author": "arnni",
    "license": "MIT"
  }

yarn manifest: 
  No manifest

Lockfile: 
  # THIS IS AN AUTOGENERATED FILE. DO NOT EDIT THIS FILE DIRECTLY.
  # yarn lockfile v1
